<?xml version="1.0" encoding="UTF-8"?>
<testng-results skipped="0" failed="2" ignored="0" total="5" passed="3">
  <reporter-output>
  </reporter-output>
  <suite name="Suite" duration-ms="127316" started-at="2021-01-03T18:55:55 IST" finished-at="2021-01-03T18:58:03 IST">
    <groups>
    </groups>
    <test name="App Testing" duration-ms="8" started-at="2021-01-03T18:55:55 IST" finished-at="2021-01-03T18:55:55 IST">
    </test> <!-- App Testing -->
    <test name="Validation Test HomePage" duration-ms="85988" started-at="2021-01-03T18:55:55 IST" finished-at="2021-01-03T18:57:21 IST">
      <class name="Academy.HomePage">
        <test-method status="PASS" signature="Initialise()[pri:0, instance:Academy.HomePage@446293d]" name="Initialise" is-config="true" duration-ms="4425" started-at="2021-01-03T18:55:55 IST" finished-at="2021-01-03T18:56:00 IST">
          <reporter-output>
          </reporter-output>
        </test-method> <!-- Initialise -->
        <test-method status="PASS" signature="landingtoHomePage(java.lang.String, java.lang.String, java.lang.String)[pri:0, instance:Academy.HomePage@446293d]" name="landingtoHomePage" duration-ms="76120" started-at="2021-01-03T18:56:00 IST" data-provider="getData" finished-at="2021-01-03T18:57:16 IST">
          <params>
            <param index="0">
              <value>
                <![CDATA[unrestricted@qw.com]]>
              </value>
            </param>
            <param index="1">
              <value>
                <![CDATA[1234]]>
              </value>
            </param>
            <param index="2">
              <value>
                <![CDATA[unrestricted user]]>
              </value>
            </param>
          </params>
          <reporter-output>
          </reporter-output>
        </test-method> <!-- landingtoHomePage -->
        <test-method status="PASS" signature="landingtoHomePage(java.lang.String, java.lang.String, java.lang.String)[pri:0, instance:Academy.HomePage@446293d]" name="landingtoHomePage" duration-ms="5369" started-at="2021-01-03T18:57:16 IST" data-provider="getData" finished-at="2021-01-03T18:57:21 IST">
          <params>
            <param index="0">
              <value>
                <![CDATA[restricted@qw.com]]>
              </value>
            </param>
            <param index="1">
              <value>
                <![CDATA[5678]]>
              </value>
            </param>
            <param index="2">
              <value>
                <![CDATA[restricted user]]>
              </value>
            </param>
          </params>
          <reporter-output>
          </reporter-output>
        </test-method> <!-- landingtoHomePage -->
        <test-method status="PASS" signature="TearDown()[pri:0, instance:Academy.HomePage@446293d]" name="TearDown" is-config="true" duration-ms="54" started-at="2021-01-03T18:57:21 IST" finished-at="2021-01-03T18:57:21 IST">
          <reporter-output>
          </reporter-output>
        </test-method> <!-- TearDown -->
      </class> <!-- Academy.HomePage -->
    </test> <!-- Validation Test HomePage -->
    <test name="Validation Test Navigation Bar" duration-ms="93465" started-at="2021-01-03T18:55:55 IST" finished-at="2021-01-03T18:57:29 IST">
      <class name="Academy.validateNavigationBar">
        <test-method status="PASS" signature="Initialise()[pri:0, instance:Academy.validateNavigationBar@5f9b2141]" name="Initialise" is-config="true" duration-ms="93350" started-at="2021-01-03T18:55:55 IST" finished-at="2021-01-03T18:57:29 IST">
          <reporter-output>
          </reporter-output>
        </test-method> <!-- Initialise -->
        <test-method status="PASS" signature="landingtoHomePage()[pri:0, instance:Academy.validateNavigationBar@5f9b2141]" name="landingtoHomePage" duration-ms="60" started-at="2021-01-03T18:57:29 IST" finished-at="2021-01-03T18:57:29 IST">
          <reporter-output>
          </reporter-output>
        </test-method> <!-- landingtoHomePage -->
        <test-method status="PASS" signature="TearDown()[pri:0, instance:Academy.validateNavigationBar@5f9b2141]" name="TearDown" is-config="true" duration-ms="52" started-at="2021-01-03T18:57:29 IST" finished-at="2021-01-03T18:57:29 IST">
          <reporter-output>
          </reporter-output>
        </test-method> <!-- TearDown -->
      </class> <!-- Academy.validateNavigationBar -->
    </test> <!-- Validation Test Navigation Bar -->
    <test name="Validation Test Title" duration-ms="127316" started-at="2021-01-03T18:55:55 IST" finished-at="2021-01-03T18:58:03 IST">
      <class name="Academy.validateTitle">
        <test-method status="PASS" signature="Initialise()[pri:0, instance:Academy.validateTitle@4de4b452]" name="Initialise" is-config="true" duration-ms="64496" started-at="2021-01-03T18:55:55 IST" finished-at="2021-01-03T18:57:00 IST">
          <reporter-output>
          </reporter-output>
        </test-method> <!-- Initialise -->
        <test-method status="FAIL" signature="landingtoHomePage()[pri:0, instance:Academy.validateTitle@4de4b452]" name="landingtoHomePage" duration-ms="60193" started-at="2021-01-03T18:57:00 IST" finished-at="2021-01-03T18:58:00 IST">
          <exception class="org.openqa.selenium.TimeoutException">
            <message>
              <![CDATA[timeout: Timed out receiving message from renderer: 10.000
  (Session info: chrome=87.0.4280.88)
Build info: version: '3.141.59', revision: 'e82be7d358', time: '2018-11-14T08:17:03'
System info: host: 'LAPTOP-S26B4QU4', ip: '192.168.43.50', os.name: 'Windows 10', os.arch: 'amd64', os.version: '10.0', java.version: '1.8.0_271'
Driver info: org.openqa.selenium.chrome.ChromeDriver
Capabilities {acceptInsecureCerts: false, browserName: chrome, browserVersion: 87.0.4280.88, chrome: {chromedriverVersion: 87.0.4280.20 (c99e81631faa0..., userDataDir: C:\Users\Meenal\AppData\Loc...}, goog:chromeOptions: {debuggerAddress: localhost:51774}, javascriptEnabled: true, networkConnectionEnabled: false, pageLoadStrategy: normal, platform: WINDOWS, platformName: WINDOWS, proxy: Proxy(), setWindowRect: true, strictFileInteractability: false, timeouts: {implicit: 0, pageLoad: 300000, script: 30000}, unhandledPromptBehavior: dismiss and notify, webauthn:virtualAuthenticators: true}
Session ID: fa6e4b2a826bd042adadbdcd748a3070]]>
            </message>
            <full-stacktrace>
              <![CDATA[org.openqa.selenium.TimeoutException: timeout: Timed out receiving message from renderer: 10.000
  (Session info: chrome=87.0.4280.88)
Build info: version: '3.141.59', revision: 'e82be7d358', time: '2018-11-14T08:17:03'
System info: host: 'LAPTOP-S26B4QU4', ip: '192.168.43.50', os.name: 'Windows 10', os.arch: 'amd64', os.version: '10.0', java.version: '1.8.0_271'
Driver info: org.openqa.selenium.chrome.ChromeDriver
Capabilities {acceptInsecureCerts: false, browserName: chrome, browserVersion: 87.0.4280.88, chrome: {chromedriverVersion: 87.0.4280.20 (c99e81631faa0..., userDataDir: C:\Users\Meenal\AppData\Loc...}, goog:chromeOptions: {debuggerAddress: localhost:51774}, javascriptEnabled: true, networkConnectionEnabled: false, pageLoadStrategy: normal, platform: WINDOWS, platformName: WINDOWS, proxy: Proxy(), setWindowRect: true, strictFileInteractability: false, timeouts: {implicit: 0, pageLoad: 300000, script: 30000}, unhandledPromptBehavior: dismiss and notify, webauthn:virtualAuthenticators: true}
Session ID: fa6e4b2a826bd042adadbdcd748a3070
at sun.reflect.NativeConstructorAccessorImpl.newInstance0(Native Method)
at sun.reflect.NativeConstructorAccessorImpl.newInstance(NativeConstructorAccessorImpl.java:62)
at sun.reflect.DelegatingConstructorAccessorImpl.newInstance(DelegatingConstructorAccessorImpl.java:45)
at java.lang.reflect.Constructor.newInstance(Constructor.java:423)
at org.openqa.selenium.remote.http.W3CHttpResponseCodec.createException(W3CHttpResponseCodec.java:187)
at org.openqa.selenium.remote.http.W3CHttpResponseCodec.decode(W3CHttpResponseCodec.java:122)
at org.openqa.selenium.remote.http.W3CHttpResponseCodec.decode(W3CHttpResponseCodec.java:49)
at org.openqa.selenium.remote.HttpCommandExecutor.execute(HttpCommandExecutor.java:158)
at org.openqa.selenium.remote.service.DriverCommandExecutor.execute(DriverCommandExecutor.java:83)
at org.openqa.selenium.remote.RemoteWebDriver.execute(RemoteWebDriver.java:552)
at org.openqa.selenium.remote.RemoteWebDriver.execute(RemoteWebDriver.java:609)
at org.openqa.selenium.remote.RemoteWebDriver.getScreenshotAs(RemoteWebDriver.java:295)
at resource.base.Screenshot(base.java:84)
at Academy.Listeners.onTestFailure(Listeners.java:57)
at org.testng.internal.TestListenerHelper.runTestListeners(TestListenerHelper.java:96)
at org.testng.internal.TestInvoker.runTestResultListener(TestInvoker.java:220)
at org.testng.internal.TestInvoker.invokeMethod(TestInvoker.java:657)
at org.testng.internal.TestInvoker.invokeTestMethod(TestInvoker.java:174)
at org.testng.internal.MethodRunner.runInSequence(MethodRunner.java:46)
at org.testng.internal.TestInvoker$MethodInvocationAgent.invoke(TestInvoker.java:822)
at org.testng.internal.TestInvoker.invokeTestMethods(TestInvoker.java:147)
at org.testng.internal.TestMethodWorker.invokeTestMethods(TestMethodWorker.java:146)
at org.testng.internal.TestMethodWorker.run(TestMethodWorker.java:128)
at java.util.ArrayList.forEach(ArrayList.java:1259)
at org.testng.TestRunner.privateRun(TestRunner.java:764)
at org.testng.TestRunner.run(TestRunner.java:585)
at org.testng.SuiteRunner.runTest(SuiteRunner.java:384)
at org.testng.SuiteRunner.access$000(SuiteRunner.java:28)
at org.testng.SuiteRunner$SuiteWorker.run(SuiteRunner.java:425)
at org.testng.internal.thread.ThreadUtil.lambda$execute$0(ThreadUtil.java:66)
at java.util.concurrent.FutureTask.run(FutureTask.java:266)
at java.util.concurrent.ThreadPoolExecutor.runWorker(ThreadPoolExecutor.java:1149)
at java.util.concurrent.ThreadPoolExecutor$Worker.run(ThreadPoolExecutor.java:624)
at java.lang.Thread.run(Thread.java:748)
]]>
            </full-stacktrace>
          </exception> <!-- org.openqa.selenium.TimeoutException -->
          <reporter-output>
          </reporter-output>
        </test-method> <!-- landingtoHomePage -->
        <test-method status="FAIL" signature="validateHeader()[pri:0, instance:Academy.validateTitle@4de4b452]" name="validateHeader" duration-ms="57" started-at="2021-01-03T18:58:02 IST" finished-at="2021-01-03T18:58:02 IST">
          <exception class="java.lang.AssertionError">
            <message>
              <![CDATA[expected [An Academy to learn Everything about Testing] but found [AN ACADEMY TO LEARN EVERYTHING ABOUT TESTING]]]>
            </message>
            <full-stacktrace>
              <![CDATA[java.lang.AssertionError: expected [An Academy to learn Everything about Testing] but found [AN ACADEMY TO LEARN EVERYTHING ABOUT TESTING]
at org.testng.Assert.fail(Assert.java:99)
at org.testng.Assert.failNotEquals(Assert.java:1037)
at org.testng.Assert.assertEqualsImpl(Assert.java:140)
at org.testng.Assert.assertEquals(Assert.java:122)
at org.testng.Assert.assertEquals(Assert.java:629)
at org.testng.Assert.assertEquals(Assert.java:639)
at Academy.validateTitle.validateHeader(validateTitle.java:58)
at sun.reflect.NativeMethodAccessorImpl.invoke0(Native Method)
at sun.reflect.NativeMethodAccessorImpl.invoke(NativeMethodAccessorImpl.java:62)
at sun.reflect.DelegatingMethodAccessorImpl.invoke(DelegatingMethodAccessorImpl.java:43)
at java.lang.reflect.Method.invoke(Method.java:498)
at org.testng.internal.MethodInvocationHelper.invokeMethod(MethodInvocationHelper.java:132)
at org.testng.internal.TestInvoker.invokeMethod(TestInvoker.java:599)
at org.testng.internal.TestInvoker.invokeTestMethod(TestInvoker.java:174)
at org.testng.internal.MethodRunner.runInSequence(MethodRunner.java:46)
at org.testng.internal.TestInvoker$MethodInvocationAgent.invoke(TestInvoker.java:822)
at org.testng.internal.TestInvoker.invokeTestMethods(TestInvoker.java:147)
at org.testng.internal.TestMethodWorker.invokeTestMethods(TestMethodWorker.java:146)
at org.testng.internal.TestMethodWorker.run(TestMethodWorker.java:128)
at java.util.ArrayList.forEach(ArrayList.java:1259)
at org.testng.TestRunner.privateRun(TestRunner.java:764)
at org.testng.TestRunner.run(TestRunner.java:585)
at org.testng.SuiteRunner.runTest(SuiteRunner.java:384)
at org.testng.SuiteRunner.access$000(SuiteRunner.java:28)
at org.testng.SuiteRunner$SuiteWorker.run(SuiteRunner.java:425)
at org.testng.internal.thread.ThreadUtil.lambda$execute$0(ThreadUtil.java:66)
at java.util.concurrent.FutureTask.run(FutureTask.java:266)
at java.util.concurrent.ThreadPoolExecutor.runWorker(ThreadPoolExecutor.java:1149)
at java.util.concurrent.ThreadPoolExecutor$Worker.run(ThreadPoolExecutor.java:624)
at java.lang.Thread.run(Thread.java:748)
]]>
            </full-stacktrace>
          </exception> <!-- java.lang.AssertionError -->
          <reporter-output>
          </reporter-output>
        </test-method> <!-- validateHeader -->
        <test-method status="PASS" signature="TearDown()[pri:0, instance:Academy.validateTitle@4de4b452]" name="TearDown" is-config="true" duration-ms="68" started-at="2021-01-03T18:58:03 IST" finished-at="2021-01-03T18:58:03 IST">
          <reporter-output>
          </reporter-output>
        </test-method> <!-- TearDown -->
      </class> <!-- Academy.validateTitle -->
    </test> <!-- Validation Test Title -->
  </suite> <!-- Suite -->
</testng-results>
